#
# There is insufficient memory for the Java Runtime Environment to continue.
# Native memory allocation (malloc) failed to allocate 997296 bytes for Chunk::new
# Possible reasons:
#   The system is out of physical RAM or swap space
#   The process is running with CompressedOops enabled, and the Java Heap may be blocking the growth of the native heap
# Possible solutions:
#   Reduce memory load on the system
#   Increase physical memory or swap space
#   Check if swap backing store is full
#   Decrease Java heap size (-Xmx/-Xms)
#   Decrease number of Java threads
#   Decrease Java thread stack sizes (-Xss)
#   Set larger code cache with -XX:ReservedCodeCacheSize=
#   JVM is running with Unscaled Compressed Oops mode in which the Java heap is
#     placed in the first 4GB address space. The Java Heap base address is the
#     maximum limit for the native heap growth. Please use -XX:HeapBaseMinAddress
#     to set the Java Heap base and to place the Java Heap above 4GB virtual address.
# This output file may be truncated or incomplete.
#
#  Out of Memory Error (allocation.cpp:389), pid=41496, tid=0x00000000000071bc
#
# JRE version: Java(TM) SE Runtime Environment (8.0_241-b07) (build 1.8.0_241-b07)
# Java VM: Java HotSpot(TM) 64-Bit Server VM (25.241-b07 mixed mode windows-amd64 compressed oops)
# Failed to write core dump. Minidumps are not enabled by default on client versions of Windows
#

---------------  T H R E A D  ---------------

Current thread (0x0000000019698000):  JavaThread "C2 CompilerThread2" daemon [_thread_in_native, id=29116, stack(0x000000001a060000,0x000000001a160000)]

Stack: [0x000000001a060000,0x000000001a160000]
[error occurred during error reporting (printing stack bounds), id 0xc0000005]

Native frames: (J=compiled Java code, j=interpreted, Vv=VM code, C=native code)


Current CompileTask:
C2: 101575 14664       4       org.gradle.api.internal.attributes.DefaultImmutableAttributesFactory::concat (46 bytes)


---------------  P R O C E S S  ---------------

Java Threads: ( => current thread )
  0x0000000020b10800 JavaThread "File lock release action executor" [_thread_blocked, id=51292, stack(0x0000000029080000,0x0000000029180000)]
  0x0000000020b13000 JavaThread "pool-3-thread-1" [_thread_blocked, id=45860, stack(0x0000000026ba0000,0x0000000026ca0000)]
  0x0000000020b12000 JavaThread "Memory manager" [_thread_blocked, id=52480, stack(0x00000000262a0000,0x00000000263a0000)]
  0x000000001f521800 JavaThread "Build operations Thread 8" [_thread_blocked, id=50092, stack(0x00000000256a0000,0x00000000257a0000)]
  0x000000001f51f800 JavaThread "Build operations Thread 7" [_thread_in_native, id=47516, stack(0x00000000255a0000,0x00000000256a0000)]
  0x000000001f51e800 JavaThread "Build operations Thread 6" [_thread_blocked, id=38528, stack(0x00000000254a0000,0x00000000255a0000)]
  0x000000001f51e000 JavaThread "Build operations Thread 5" [_thread_in_native, id=45408, stack(0x00000000253a0000,0x00000000254a0000)]
  0x000000001f51d000 JavaThread "Build operations Thread 4" [_thread_blocked, id=51820, stack(0x00000000252a0000,0x00000000253a0000)]
  0x000000001f521000 JavaThread "Build operations Thread 3" [_thread_blocked, id=49572, stack(0x00000000251a0000,0x00000000252a0000)]
  0x000000001f51c800 JavaThread "Build operations Thread 2" [_thread_in_native, id=50056, stack(0x00000000250a0000,0x00000000251a0000)]
  0x000000001f520000 JavaThread "Build operations" [_thread_in_native, id=37424, stack(0x0000000024c20000,0x0000000024d20000)]
  0x000000001f515800 JavaThread "Cache worker for Build Output Cleanup Cache (D:\dev\studio\compose\.gradle\buildOutputCleanup)" [_thread_blocked, id=52000, stack(0x0000000024d40000,0x0000000024e40000)]
  0x000000001f51b800 JavaThread "Cache worker for dependencies-accessors (D:\dev\studio\compose\.gradle\7.0.2\dependencies-accessors)" [_thread_blocked, id=52032, stack(0x0000000024100000,0x0000000024200000)]
  0x000000001f51b000 JavaThread "Cache worker for file content cache (D:\cache\caches\7.0.2\fileContent)" [_thread_blocked, id=52400, stack(0x0000000022e30000,0x0000000022f30000)]
  0x000000001f51a000 JavaThread "Cache worker for execution history cache (D:\cache\caches\7.0.2\executionHistory)" [_thread_blocked, id=43092, stack(0x0000000022730000,0x0000000022830000)]
  0x000000001f512800 JavaThread "Cache worker for cache directory md-rule (D:\cache\caches\7.0.2\md-rule)" [_thread_blocked, id=35868, stack(0x0000000022630000,0x0000000022730000)]
  0x000000001f513800 JavaThread "Cache worker for cache directory md-supplier (D:\cache\caches\7.0.2\md-supplier)" [_thread_blocked, id=51264, stack(0x0000000022330000,0x0000000022430000)]
  0x000000001f519800 JavaThread "Cache worker for checksums cache (D:\dev\studio\compose\.gradle\checksums)" [_thread_blocked, id=44508, stack(0x0000000022230000,0x0000000022330000)]
  0x000000001f518800 JavaThread "jar transforms Thread 8" [_thread_blocked, id=42496, stack(0x0000000022130000,0x0000000022230000)]
  0x000000001f518000 JavaThread "jar transforms Thread 7" [_thread_blocked, id=50600, stack(0x0000000022030000,0x0000000022130000)]
  0x000000001f517000 JavaThread "jar transforms Thread 6" [_thread_blocked, id=51188, stack(0x0000000021f30000,0x0000000022030000)]
  0x000000001f516800 JavaThread "jar transforms Thread 5" [_thread_blocked, id=45008, stack(0x0000000021e30000,0x0000000021f30000)]
  0x000000001a5ea800 JavaThread "jar transforms Thread 4" [_thread_blocked, id=47660, stack(0x0000000021d30000,0x0000000021e30000)]
  0x000000001a5e7000 JavaThread "jar transforms Thread 3" [_thread_blocked, id=48684, stack(0x0000000021a10000,0x0000000021b10000)]
  0x000000001a5ec800 JavaThread "jar transforms Thread 2" [_thread_blocked, id=51876, stack(0x0000000020580000,0x0000000020680000)]
  0x000000001a5ed800 JavaThread "jar transforms" [_thread_blocked, id=51256, stack(0x0000000020480000,0x0000000020580000)]
  0x000000001a5ec000 JavaThread "File watcher consumer" daemon [_thread_blocked, id=10780, stack(0x0000000020380000,0x0000000020480000)]
  0x000000001a5eb000 JavaThread "File watcher server" daemon [_thread_in_native, id=48124, stack(0x0000000020280000,0x0000000020380000)]
  0x000000001a5e9800 JavaThread "Cache worker for file hash cache (D:\dev\studio\compose\.gradle\7.0.2\fileHashes)" [_thread_blocked, id=47288, stack(0x0000000021710000,0x0000000021810000)]
  0x000000001a5ee000 JavaThread "Cache worker for journal cache (D:\cache\caches\journal-1)" [_thread_blocked, id=52816, stack(0x000000001f1b0000,0x000000001f2b0000)]
  0x000000001a5e8000 JavaThread "File lock request listener" [_thread_in_native, id=42756, stack(0x000000001dee0000,0x000000001dfe0000)]
  0x000000001a5e9000 JavaThread "Cache worker for file hash cache (D:\cache\caches\7.0.2\fileHashes)" [_thread_blocked, id=52432, stack(0x000000001dde0000,0x000000001dee0000)]
  0x000000001c60e800 JavaThread "Daemon client event forwarder" [_thread_blocked, id=46600, stack(0x000000001dae0000,0x000000001dbe0000)]
  0x000000001c64d000 JavaThread "Asynchronous log dispatcher for DefaultDaemonConnection: socket connection from /127.0.0.1:59104 to /127.0.0.1:59105" [_thread_blocked, id=49020, stack(0x000000001d7e0000,0x000000001d8e0000)]
  0x000000001c647800 JavaThread "Daemon worker" [_thread_blocked, id=46900, stack(0x000000001d6e0000,0x000000001d7e0000)]
  0x000000001c650800 JavaThread "Cancel handler" [_thread_blocked, id=51508, stack(0x000000001d5e0000,0x000000001d6e0000)]
  0x000000001c5e3800 JavaThread "Handler for socket connection from /127.0.0.1:59104 to /127.0.0.1:59105" [_thread_in_native, id=50452, stack(0x000000001d4e0000,0x000000001d5e0000)]
  0x000000001c72f800 JavaThread "Daemon" [_thread_blocked, id=43432, stack(0x000000001d3e0000,0x000000001d4e0000)]
  0x000000001c672000 JavaThread "Daemon periodic checks" [_thread_blocked, id=46096, stack(0x000000001d0e0000,0x000000001d1e0000)]
  0x000000001c670800 JavaThread "Incoming local TCP Connector on port 59104" [_thread_in_native, id=39632, stack(0x000000001cf30000,0x000000001d030000)]
  0x000000001c599800 JavaThread "Daemon health stats" [_thread_blocked, id=51580, stack(0x000000001bc30000,0x000000001bd30000)]
  0x000000001972d800 JavaThread "Service Thread" daemon [_thread_blocked, id=51460, stack(0x000000001a260000,0x000000001a360000)]
  0x000000001969c000 JavaThread "C1 CompilerThread3" daemon [_thread_blocked, id=41360, stack(0x000000001a160000,0x000000001a260000)]
=>0x0000000019698000 JavaThread "C2 CompilerThread2" daemon [_thread_in_native, id=29116, stack(0x000000001a060000,0x000000001a160000)]
  0x0000000019695000 JavaThread "C2 CompilerThread1" daemon [_thread_blocked, id=43168, stack(0x0000000019f60000,0x000000001a060000)]
  0x0000000019638000 JavaThread "C2 CompilerThread0" daemon [_thread_blocked, id=40260, stack(0x0000000019e60000,0x0000000019f60000)]
  0x0000000019636000 JavaThread "Attach Listener" daemon [_thread_blocked, id=37692, stack(0x0000000019d60000,0x0000000019e60000)]
  0x0000000019635000 JavaThread "Signal Dispatcher" daemon [_thread_blocked, id=23792, stack(0x0000000019c60000,0x0000000019d60000)]
  0x0000000019621800 JavaThread "Finalizer" daemon [_thread_blocked, id=51496, stack(0x0000000019b00000,0x0000000019c00000)]
  0x0000000019620800 JavaThread "Reference Handler" daemon [_thread_blocked, id=47612, stack(0x0000000019a00000,0x0000000019b00000)]
  0x00000000026b2800 JavaThread "main" [_thread_blocked, id=50124, stack(0x00000000025b0000,0x00000000026b0000)]

Other Threads:
  0x0000000017819800 VMThread [stack: 0x0000000019500000,0x0000000019600000] [id=40848]
  0x0000000019740000 WatcherThread [stack: 0x000000001a360000,0x000000001a460000] [id=31808]

VM state:not at safepoint (normal execution)

VM Mutex/Monitor currently owned by a thread: None

heap address: 0x0000000080000000, size: 2048 MB, Compressed Oops mode: 32-bit
Narrow klass base: 0x0000000000000000, Narrow klass shift: 3
Compressed class space size: 1073741824 Address: 0x0000000100000000

Heap:
 PSYoungGen      total 650752K, used 572945K [0x00000000d5580000, 0x0000000100000000, 0x0000000100000000)
  eden space 616960K, 92% used [0x00000000d5580000,0x00000000f8504698,0x00000000fb000000)
  from space 33792K, 0% used [0x00000000fb000000,0x00000000fb000000,0x00000000fd100000)
  to   space 45056K, 0% used [0x00000000fd400000,0x00000000fd400000,0x0000000100000000)
 ParOldGen       total 422912K, used 100373K [0x0000000080000000, 0x0000000099d00000, 0x00000000d5580000)
  object space 422912K, 23% used [0x0000000080000000,0x0000000086205688,0x0000000099d00000)
 Metaspace       used 93417K, capacity 97936K, committed 99160K, reserved 1134592K
  class space    used 12476K, capacity 13301K, committed 13656K, reserved 1048576K

Card table byte_map: [0x0000000011b70000,0x0000000011f80000] byte_map_base: 0x0000000011770000

Marking Bits: (ParMarkBitMap*) 0x0000000053a9be30
 Begin Bits: [0x0000000012a30000, 0x0000000014a30000)
 End Bits:   [0x0000000014a30000, 0x0000000016a30000)

Polling page: 0x00000000009c0000

CodeCache: size=245760Kb used=40373Kb max_used=40373Kb free=205386Kb
 bounds [0x00000000027b0000, 0x0000000004f60000, 0x00000000117b0000]
 total_blobs=12470 nmethods=11576 adapters=804
 compilation: enabled

Compilation events (10 events):
Event: 101.484 Thread 0x000000001969c000 14772       1       org.apache.http.pool.AbstractConnPool::access$400 (5 bytes)
Event: 101.484 Thread 0x000000001969c000 nmethod 14772 0x0000000003ef1890 code [0x0000000003ef19e0, 0x0000000003ef1ad0]
Event: 101.484 Thread 0x000000001969c000 14773       1       java.net.Proxy::type (5 bytes)
Event: 101.484 Thread 0x000000001969c000 nmethod 14773 0x0000000004939850 code [0x00000000049399a0, 0x0000000004939ab0]
Event: 101.484 Thread 0x000000001969c000 14774       1       java.net.InetSocketAddress$InetSocketAddressHolder::getAddress (5 bytes)
Event: 101.484 Thread 0x000000001969c000 nmethod 14774 0x00000000048ac510 code [0x00000000048ac660, 0x00000000048ac770]
Event: 101.519 Thread 0x000000001969c000 14775       3       sun.security.ssl.HandshakeOutStream::putInt16 (42 bytes)
Event: 101.520 Thread 0x000000001969c000 nmethod 14775 0x000000000479b050 code [0x000000000479b240, 0x000000000479bc98]
Event: 101.560 Thread 0x000000001969c000 14776       3       sun.security.ssl.SSLSocketImpl::checkSequenceNumber (137 bytes)
Event: 101.561 Thread 0x000000001969c000 nmethod 14776 0x0000000004f5c1d0 code [0x0000000004f5c3a0, 0x0000000004f5cd68]

GC Heap History (10 events):
Event: 76.828 GC heap before
{Heap before GC invocations=79 (full 3):
 PSYoungGen      total 683008K, used 671232K [0x00000000d5580000, 0x0000000100000000, 0x0000000100000000)
  eden space 671232K, 100% used [0x00000000d5580000,0x00000000fe500000,0x00000000fe500000)
  from space 11776K, 0% used [0x00000000fe500000,0x00000000fe500000,0x00000000ff080000)
  to   space 14848K, 0% used [0x00000000ff180000,0x00000000ff180000,0x0000000100000000)
 ParOldGen       total 261632K, used 47779K [0x0000000080000000, 0x000000008ff80000, 0x00000000d5580000)
  object space 261632K, 18% used [0x0000000080000000,0x0000000082ea8dd8,0x000000008ff80000)
 Metaspace       used 91101K, capacity 95944K, committed 96216K, reserved 1132544K
  class space    used 12359K, capacity 13239K, committed 13272K, reserved 1048576K
Event: 76.878 GC heap after
Heap after GC invocations=79 (full 3):
 PSYoungGen      total 643072K, used 14842K [0x00000000d5580000, 0x0000000100000000, 0x0000000100000000)
  eden space 628224K, 0% used [0x00000000d5580000,0x00000000d5580000,0x00000000fbb00000)
  from space 14848K, 99% used [0x00000000ff180000,0x00000000ffffea18,0x0000000100000000)
  to   space 35328K, 0% used [0x00000000fbb00000,0x00000000fbb00000,0x00000000fdd80000)
 ParOldGen       total 261632K, used 97702K [0x0000000080000000, 0x000000008ff80000, 0x00000000d5580000)
  object space 261632K, 37% used [0x0000000080000000,0x0000000085f69ad8,0x000000008ff80000)
 Metaspace       used 91101K, capacity 95944K, committed 96216K, reserved 1132544K
  class space    used 12359K, capacity 13239K, committed 13272K, reserved 1048576K
}
Event: 79.716 GC heap before
{Heap before GC invocations=80 (full 3):
 PSYoungGen      total 643072K, used 643066K [0x00000000d5580000, 0x0000000100000000, 0x0000000100000000)
  eden space 628224K, 100% used [0x00000000d5580000,0x00000000fbb00000,0x00000000fbb00000)
  from space 14848K, 99% used [0x00000000ff180000,0x00000000ffffea18,0x0000000100000000)
  to   space 35328K, 0% used [0x00000000fbb00000,0x00000000fbb00000,0x00000000fdd80000)
 ParOldGen       total 261632K, used 97702K [0x0000000080000000, 0x000000008ff80000, 0x00000000d5580000)
  object space 261632K, 37% used [0x0000000080000000,0x0000000085f69ad8,0x000000008ff80000)
 Metaspace       used 92370K, capacity 97664K, committed 98008K, reserved 1134592K
  class space    used 12525K, capacity 13487K, committed 13528K, reserved 1048576K
Event: 79.752 GC heap after
Heap after GC invocations=80 (full 3):
 PSYoungGen      total 657920K, used 29434K [0x00000000d5580000, 0x0000000100000000, 0x0000000100000000)
  eden space 628224K, 0% used [0x00000000d5580000,0x00000000d5580000,0x00000000fbb00000)
  from space 29696K, 99% used [0x00000000fbb00000,0x00000000fd7be910,0x00000000fd800000)
  to   space 38912K, 0% used [0x00000000fda00000,0x00000000fda00000,0x0000000100000000)
 ParOldGen       total 261632K, used 97710K [0x0000000080000000, 0x000000008ff80000, 0x00000000d5580000)
  object space 261632K, 37% used [0x0000000080000000,0x0000000085f6bad8,0x000000008ff80000)
 Metaspace       used 92370K, capacity 97664K, committed 98008K, reserved 1134592K
  class space    used 12525K, capacity 13487K, committed 13528K, reserved 1048576K
}
Event: 82.161 GC heap before
{Heap before GC invocations=81 (full 3):
 PSYoungGen      total 657920K, used 657658K [0x00000000d5580000, 0x0000000100000000, 0x0000000100000000)
  eden space 628224K, 100% used [0x00000000d5580000,0x00000000fbb00000,0x00000000fbb00000)
  from space 29696K, 99% used [0x00000000fbb00000,0x00000000fd7be910,0x00000000fd800000)
  to   space 38912K, 0% used [0x00000000fda00000,0x00000000fda00000,0x0000000100000000)
 ParOldGen       total 261632K, used 97710K [0x0000000080000000, 0x000000008ff80000, 0x00000000d5580000)
  object space 261632K, 37% used [0x0000000080000000,0x0000000085f6bad8,0x000000008ff80000)
 Metaspace       used 92447K, capacity 97770K, committed 98008K, reserved 1134592K
  class space    used 12530K, capacity 13494K, committed 13528K, reserved 1048576K
Event: 82.183 GC heap after
Heap after GC invocations=81 (full 3):
 PSYoungGen      total 655872K, used 27005K [0x00000000d5580000, 0x0000000100000000, 0x0000000100000000)
  eden space 616960K, 0% used [0x00000000d5580000,0x00000000d5580000,0x00000000fb000000)
  from space 38912K, 69% used [0x00000000fda00000,0x00000000ff45f538,0x0000000100000000)
  to   space 40960K, 0% used [0x00000000fb000000,0x00000000fb000000,0x00000000fd800000)
 ParOldGen       total 261632K, used 97718K [0x0000000080000000, 0x000000008ff80000, 0x00000000d5580000)
  object space 261632K, 37% used [0x0000000080000000,0x0000000085f6dad8,0x000000008ff80000)
 Metaspace       used 92447K, capacity 97770K, committed 98008K, reserved 1134592K
  class space    used 12530K, capacity 13494K, committed 13528K, reserved 1048576K
}
Event: 96.431 GC heap before
{Heap before GC invocations=82 (full 3):
 PSYoungGen      total 655872K, used 509727K [0x00000000d5580000, 0x0000000100000000, 0x0000000100000000)
  eden space 616960K, 78% used [0x00000000d5580000,0x00000000f2ce88f8,0x00000000fb000000)
  from space 38912K, 69% used [0x00000000fda00000,0x00000000ff45f538,0x0000000100000000)
  to   space 40960K, 0% used [0x00000000fb000000,0x00000000fb000000,0x00000000fd800000)
 ParOldGen       total 261632K, used 97718K [0x0000000080000000, 0x000000008ff80000, 0x00000000d5580000)
  object space 261632K, 37% used [0x0000000080000000,0x0000000085f6dad8,0x000000008ff80000)
 Metaspace       used 92877K, capacity 98236K, committed 98264K, reserved 1134592K
  class space    used 12545K, capacity 13501K, committed 13528K, reserved 1048576K
Event: 96.458 GC heap after
Heap after GC invocations=82 (full 3):
 PSYoungGen      total 650752K, used 33358K [0x00000000d5580000, 0x0000000100000000, 0x0000000100000000)
  eden space 616960K, 0% used [0x00000000d5580000,0x00000000d5580000,0x00000000fb000000)
  from space 33792K, 98% used [0x00000000fb000000,0x00000000fd093ba8,0x00000000fd100000)
  to   space 45056K, 0% used [0x00000000fd400000,0x00000000fd400000,0x0000000100000000)
 ParOldGen       total 261632K, used 97726K [0x0000000080000000, 0x000000008ff80000, 0x00000000d5580000)
  object space 261632K, 37% used [0x0000000080000000,0x0000000085f6fad8,0x000000008ff80000)
 Metaspace       used 92877K, capacity 98236K, committed 98264K, reserved 1134592K
  class space    used 12545K, capacity 13501K, committed 13528K, reserved 1048576K
}
Event: 96.458 GC heap before
{Heap before GC invocations=83 (full 4):
 PSYoungGen      total 650752K, used 33358K [0x00000000d5580000, 0x0000000100000000, 0x0000000100000000)
  eden space 616960K, 0% used [0x00000000d5580000,0x00000000d5580000,0x00000000fb000000)
  from space 33792K, 98% used [0x00000000fb000000,0x00000000fd093ba8,0x00000000fd100000)
  to   space 45056K, 0% used [0x00000000fd400000,0x00000000fd400000,0x0000000100000000)
 ParOldGen       total 261632K, used 97726K [0x0000000080000000, 0x000000008ff80000, 0x00000000d5580000)
  object space 261632K, 37% used [0x0000000080000000,0x0000000085f6fad8,0x000000008ff80000)
 Metaspace       used 92877K, capacity 98236K, committed 98264K, reserved 1134592K
  class space    used 12545K, capacity 13501K, committed 13528K, reserved 1048576K
Event: 96.865 GC heap after
Heap after GC invocations=83 (full 4):
 PSYoungGen      total 650752K, used 0K [0x00000000d5580000, 0x0000000100000000, 0x0000000100000000)
  eden space 616960K, 0% used [0x00000000d5580000,0x00000000d5580000,0x00000000fb000000)
  from space 33792K, 0% used [0x00000000fb000000,0x00000000fb000000,0x00000000fd100000)
  to   space 45056K, 0% used [0x00000000fd400000,0x00000000fd400000,0x0000000100000000)
 ParOldGen       total 422912K, used 100373K [0x0000000080000000, 0x0000000099d00000, 0x00000000d5580000)
  object space 422912K, 23% used [0x0000000080000000,0x0000000086205688,0x0000000099d00000)
 Metaspace       used 92401K, capacity 96936K, committed 98264K, reserved 1134592K
  class space    used 12385K, capacity 13217K, committed 13528K, reserved 1048576K
}

Deoptimization events (10 events):
Event: 100.187 Thread 0x000000001c647800 Uncommon trap: reason=unstable_if action=reinterpret pc=0x00000000029b33ec method=com.google.common.collect.RegularImmutableSet.contains(Ljava/lang/Object;)Z @ 10
Event: 100.188 Thread 0x000000001c647800 Uncommon trap: reason=class_check action=maybe_recompile pc=0x00000000034edb94 method=com.google.common.io.ByteStreams.copy(Ljava/io/InputStream;Ljava/io/OutputStream;)J @ 18
Event: 100.584 Thread 0x000000001f520000 Uncommon trap: reason=class_check action=maybe_recompile pc=0x00000000034edb94 method=com.google.common.io.ByteStreams.copy(Ljava/io/InputStream;Ljava/io/OutputStream;)J @ 18
Event: 100.743 Thread 0x000000001c647800 Uncommon trap: reason=class_check action=maybe_recompile pc=0x00000000034edb94 method=com.google.common.io.ByteStreams.copy(Ljava/io/InputStream;Ljava/io/OutputStream;)J @ 18
Event: 100.939 Thread 0x000000001c647800 Uncommon trap: reason=class_check action=maybe_recompile pc=0x00000000034edb94 method=com.google.common.io.ByteStreams.copy(Ljava/io/InputStream;Ljava/io/OutputStream;)J @ 18
Event: 101.386 Thread 0x000000001c647800 Uncommon trap: reason=class_check action=maybe_recompile pc=0x00000000030ded0c method=org.gradle.api.internal.artifacts.ivyservice.dependencysubstitution.DefaultDependencySubstitutions$ModuleMatchDependencySubstitutionAction.execute(Lorg/gradle/api/artifa
Event: 101.386 Thread 0x000000001c647800 Uncommon trap: reason=class_check action=maybe_recompile pc=0x00000000030ded0c method=org.gradle.api.internal.artifacts.ivyservice.dependencysubstitution.DefaultDependencySubstitutions$ModuleMatchDependencySubstitutionAction.execute(Lorg/gradle/api/artifa
Event: 101.386 Thread 0x000000001c647800 Uncommon trap: reason=class_check action=maybe_recompile pc=0x00000000030ded0c method=org.gradle.api.internal.artifacts.ivyservice.dependencysubstitution.DefaultDependencySubstitutions$ModuleMatchDependencySubstitutionAction.execute(Lorg/gradle/api/artifa
Event: 101.386 Thread 0x000000001c647800 Uncommon trap: reason=class_check action=maybe_recompile pc=0x00000000030ded0c method=org.gradle.api.internal.artifacts.ivyservice.dependencysubstitution.DefaultDependencySubstitutions$ModuleMatchDependencySubstitutionAction.execute(Lorg/gradle/api/artifa
Event: 101.459 Thread 0x000000001c647800 Uncommon trap: reason=bimorphic action=maybe_recompile pc=0x0000000003a06528 method=com.google.common.collect.ImmutableList.copyOf(Ljava/util/Collection;)Lcom/google/common/collect/ImmutableList; @ 11

Classes redefined (0 events):
No events

Internal exceptions (10 events):
Event: 96.316 Thread 0x000000001f520000 Exception <a 'sun/nio/fs/WindowsException'> (0x00000000f2af3938) thrown at [C:\ade\jenkins\workspace\8-2-build-windows-amd64-cygwin\jdk8u241\331\hotspot\src\share\vm\prims\jni.cpp, line 710]
Event: 97.025 Thread 0x000000001f521000 Exception <a 'sun/nio/fs/WindowsException'> (0x00000000d75263d8) thrown at [C:\ade\jenkins\workspace\8-2-build-windows-amd64-cygwin\jdk8u241\331\hotspot\src\share\vm\prims\jni.cpp, line 710]
Event: 97.039 Thread 0x000000001f51d000 Implicit null exception at 0x0000000004ada8f1 to 0x0000000004adb579
Event: 97.064 Thread 0x000000001f51d000 Exception <a 'sun/nio/fs/WindowsException'> (0x00000000d7ac0ea0) thrown at [C:\ade\jenkins\workspace\8-2-build-windows-amd64-cygwin\jdk8u241\331\hotspot\src\share\vm\prims\jni.cpp, line 710]
Event: 97.102 Thread 0x000000001f51e800 Exception <a 'sun/nio/fs/WindowsException'> (0x00000000d8724ca8) thrown at [C:\ade\jenkins\workspace\8-2-build-windows-amd64-cygwin\jdk8u241\331\hotspot\src\share\vm\prims\jni.cpp, line 710]
Event: 97.707 Thread 0x000000001f521000 Exception <a 'sun/nio/fs/WindowsException'> (0x00000000e02851f0) thrown at [C:\ade\jenkins\workspace\8-2-build-windows-amd64-cygwin\jdk8u241\331\hotspot\src\share\vm\prims\jni.cpp, line 710]
Event: 97.924 Thread 0x000000001f51f800 Exception <a 'sun/nio/fs/WindowsException'> (0x00000000e3c32050) thrown at [C:\ade\jenkins\workspace\8-2-build-windows-amd64-cygwin\jdk8u241\331\hotspot\src\share\vm\prims\jni.cpp, line 710]
Event: 98.564 Thread 0x000000001f521800 Exception <a 'sun/nio/fs/WindowsException'> (0x00000000efa5f838) thrown at [C:\ade\jenkins\workspace\8-2-build-windows-amd64-cygwin\jdk8u241\331\hotspot\src\share\vm\prims\jni.cpp, line 710]
Event: 99.496 Thread 0x000000001f51e000 Exception <a 'sun/nio/fs/WindowsException'> (0x00000000f74191e0) thrown at [C:\ade\jenkins\workspace\8-2-build-windows-amd64-cygwin\jdk8u241\331\hotspot\src\share\vm\prims\jni.cpp, line 710]
Event: 100.187 Thread 0x000000001c647800 Implicit null exception at 0x00000000029b3257 to 0x00000000029b33d5

Events (10 events):
Event: 101.480 Executing VM operation: RevokeBias
Event: 101.480 Executing VM operation: RevokeBias done
Event: 101.480 Executing VM operation: RevokeBias
Event: 101.481 Executing VM operation: RevokeBias done
Event: 101.481 Executing VM operation: RevokeBias
Event: 101.481 Executing VM operation: RevokeBias done
Event: 101.482 Executing VM operation: RevokeBias
Event: 101.482 Executing VM operation: RevokeBias done
Event: 101.482 Executing VM operation: RevokeBias
Event: 101.482 Executing VM operation: RevokeBias done


Dynamic libraries:
0x00007ff613a40000 - 0x00007ff613a77000 	C:\Program Files\Java\jdk1.8.0_241\bin\java.exe
0x00007ffca9190000 - 0x00007ffca9385000 	C:\WINDOWS\SYSTEM32\ntdll.dll
0x00007ffca7500000 - 0x00007ffca75bd000 	C:\WINDOWS\System32\KERNEL32.DLL
0x00007ffca6a60000 - 0x00007ffca6d29000 	C:\WINDOWS\System32\KERNELBASE.dll
0x00007ffca8ac0000 - 0x00007ffca8b6c000 	C:\WINDOWS\System32\ADVAPI32.dll
0x00007ffca77f0000 - 0x00007ffca788e000 	C:\WINDOWS\System32\msvcrt.dll
0x00007ffca8f60000 - 0x00007ffca8ffb000 	C:\WINDOWS\System32\sechost.dll
0x00007ffca8cd0000 - 0x00007ffca8dfa000 	C:\WINDOWS\System32\RPCRT4.dll
0x00007ffca7620000 - 0x00007ffca77c0000 	C:\WINDOWS\System32\USER32.dll
0x00007ffca68c0000 - 0x00007ffca68e2000 	C:\WINDOWS\System32\win32u.dll
0x00007ffca8b70000 - 0x00007ffca8b9a000 	C:\WINDOWS\System32\GDI32.dll
0x00007ffca68f0000 - 0x00007ffca69fb000 	C:\WINDOWS\System32\gdi32full.dll
0x00007ffca6d30000 - 0x00007ffca6dcd000 	C:\WINDOWS\System32\msvcp_win.dll
0x00007ffca6e00000 - 0x00007ffca6f00000 	C:\WINDOWS\System32\ucrtbase.dll
0x00007ffc8faa0000 - 0x00007ffc8fd3a000 	C:\WINDOWS\WinSxS\amd64_microsoft.windows.common-controls_6595b64144ccf1df_6.0.19041.1110_none_60b5254171f9507e\COMCTL32.dll
0x00007ffca77c0000 - 0x00007ffca77f0000 	C:\WINDOWS\System32\IMM32.DLL
0x0000000053b20000 - 0x0000000053bf2000 	C:\Program Files\Java\jdk1.8.0_241\jre\bin\msvcr100.dll
0x0000000053270000 - 0x0000000053b1c000 	C:\Program Files\Java\jdk1.8.0_241\jre\bin\server\jvm.dll
0x00007ffca86a0000 - 0x00007ffca86a8000 	C:\WINDOWS\System32\PSAPI.DLL
0x00007ffc8ff00000 - 0x00007ffc8ff27000 	C:\WINDOWS\SYSTEM32\WINMM.dll
0x00007ffc9d720000 - 0x00007ffc9d729000 	C:\WINDOWS\SYSTEM32\WSOCK32.dll
0x00007ffc92950000 - 0x00007ffc9295a000 	C:\WINDOWS\SYSTEM32\VERSION.dll
0x00007ffca8ee0000 - 0x00007ffca8f4b000 	C:\WINDOWS\System32\WS2_32.dll
0x00007ffc98c60000 - 0x00007ffc98c6f000 	C:\Program Files\Java\jdk1.8.0_241\jre\bin\verify.dll
0x00007ffc90170000 - 0x00007ffc90199000 	C:\Program Files\Java\jdk1.8.0_241\jre\bin\java.dll
0x00007ffc984e0000 - 0x00007ffc984f6000 	C:\Program Files\Java\jdk1.8.0_241\jre\bin\zip.dll
0x00007ffca7d10000 - 0x00007ffca844f000 	C:\WINDOWS\System32\SHELL32.dll
0x00007ffca4610000 - 0x00007ffca4da0000 	C:\WINDOWS\SYSTEM32\windows.storage.dll
0x00007ffca8760000 - 0x00007ffca8ab5000 	C:\WINDOWS\System32\combase.dll
0x00007ffca6320000 - 0x00007ffca634c000 	C:\WINDOWS\SYSTEM32\Wldp.dll
0x00007ffca8ba0000 - 0x00007ffca8c4e000 	C:\WINDOWS\System32\SHCORE.dll
0x00007ffca9000000 - 0x00007ffca9055000 	C:\WINDOWS\System32\shlwapi.dll
0x00007ffca6800000 - 0x00007ffca681f000 	C:\WINDOWS\SYSTEM32\profapi.dll
0x00007ffc97a40000 - 0x00007ffc97a5a000 	C:\Program Files\Java\jdk1.8.0_241\jre\bin\net.dll
0x00007ffca6080000 - 0x00007ffca60ea000 	C:\WINDOWS\system32\mswsock.dll
0x00007ffc90960000 - 0x00007ffc90972000 	C:\Program Files\Java\jdk1.8.0_241\jre\bin\nio.dll
0x00007ffc909a0000 - 0x00007ffc909c7000 	D:\cache\native\8bec1ad78214c89d9ad589b4d07fe93259594b29d510b10fafb7a158f7737e5d\windows-amd64\native-platform.dll
0x00007ffc6ea80000 - 0x00007ffc6ebbd000 	D:\cache\native\53dbd7edfb1c66fb8903c78663c9afc45aea4f116125fa6feffd364cf09443e8\windows-amd64\native-platform-file-events.dll
0x00007ffc9ba50000 - 0x00007ffc9ba5d000 	C:\Program Files\Java\jdk1.8.0_241\jre\bin\management.dll
0x00007ffca6270000 - 0x00007ffca6288000 	C:\WINDOWS\SYSTEM32\CRYPTSP.dll
0x00007ffca5990000 - 0x00007ffca59c4000 	C:\WINDOWS\system32\rsaenh.dll
0x00007ffca6dd0000 - 0x00007ffca6df7000 	C:\WINDOWS\System32\bcrypt.dll
0x00007ffca6780000 - 0x00007ffca67ae000 	C:\WINDOWS\SYSTEM32\USERENV.dll
0x00007ffca7110000 - 0x00007ffca7193000 	C:\WINDOWS\System32\bcryptprimitives.dll
0x00007ffca6290000 - 0x00007ffca629c000 	C:\WINDOWS\SYSTEM32\CRYPTBASE.dll
0x00007ffca5d20000 - 0x00007ffca5d5b000 	C:\WINDOWS\SYSTEM32\IPHLPAPI.DLL
0x00007ffca8f50000 - 0x00007ffca8f58000 	C:\WINDOWS\System32\NSI.dll
0x00007ffc999c0000 - 0x00007ffc999d7000 	C:\WINDOWS\SYSTEM32\dhcpcsvc6.DLL
0x00007ffc9a080000 - 0x00007ffc9a09d000 	C:\WINDOWS\SYSTEM32\dhcpcsvc.DLL
0x00007ffca5d60000 - 0x00007ffca5e2c000 	C:\WINDOWS\SYSTEM32\DNSAPI.dll
0x00007ffc90080000 - 0x00007ffc900a4000 	C:\Program Files\Java\jdk1.8.0_241\jre\bin\sunec.dll
0x00007ffc9baf0000 - 0x00007ffc9bafb000 	C:\Program Files\Java\jdk1.8.0_241\jre\bin\sunmscapi.dll
0x00007ffca6f00000 - 0x00007ffca705f000 	C:\WINDOWS\System32\CRYPT32.dll
0x00007ffc99220000 - 0x00007ffc9922a000 	C:\Windows\System32\rasadhlp.dll
0x00007ffc98620000 - 0x00007ffc9869f000 	C:\WINDOWS\System32\fwpuclnt.dll
0x00007ffca56e0000 - 0x00007ffca5713000 	C:\WINDOWS\SYSTEM32\ntmarta.dll

VM Arguments:
jvm_args: -Xmx2048m -Dfile.encoding=UTF-8 -Duser.country=CN -Duser.language=zh -Duser.variant 
java_command: org.gradle.launcher.daemon.bootstrap.GradleDaemon 7.0.2
java_class_path (initial): D:\cache\wrapper\dists\gradle-7.0.2-bin\857tjihv64xamwrf0h14cai3r\gradle-7.0.2\lib\gradle-launcher-7.0.2.jar
Launcher Type: SUN_STANDARD

Environment Variables:
JAVA_HOME=C:\Program Files\Java\jdk1.8.0_241\
PATH=D:\Program Files\AdoptOpenJDK\jdk-11.0.11.9-hotspot\bin;D:\soft\python\Scripts\;D:\soft\python\;C:\Program Files (x86)\Common Files\Oracle\Java\javapath;C:\Windows\system32;C:\Windows;C:\Windows\System32\Wbem;C:\Windows\System32\WindowsPowerShell\v1.0\;C:\Windows\System32\OpenSSH\;C:\Program Files (x86)\NVIDIA Corporation\PhysX\Common;C:\Program Files\NVIDIA Corporation\NVIDIA NvDLISR;C:\Program Files\Git\cmd;C:\Program Files\Git\mingw64\bin;C:\Program Files\Git\usr\bin;C:\Go\bin;C:\WINDOWS\system32;C:\WINDOWS;C:\WINDOWS\System32\Wbem;C:\WINDOWS\System32\WindowsPowerShell\v1.0\;C:\WINDOWS\System32\OpenSSH\;D:\Program Files\nodejs\;C:\ProgramData\chocolatey\bin;D:\dev\code\RTemplate;D:\soft\python\Scripts\;D:\soft\python\;C:\Users\lijun\scoop\shims;C:\Users\lijun\AppData\Local\Microsoft\WindowsApps;C:\Program Files\Java\jdk1.8.0_241\bin;C:\Users\lijun\AppData\Local\Programs\Microsoft VS Code\bin;D:\soft\android\tools\bin;D:\soft\android\build-tools\29.0.3;D:\soft\android\platform-tools;C:\Users\lijun\go\bin;D:\dev\work\bin;D:\dev\soft\mingw32\bin;d:\dev\code\TemplateProject\;C:\Program Files\Bandizip\;D:\dev\flutter_windows_1.22.6-stable\flutter\bin;d:\soft\android\platform-tools\systrace;;C:\Users\lijun\AppData\Local\Microsoft\WindowsApps;C:\Users\lijun\AppData\Roaming\npm
USERNAME=lijun
OS=Windows_NT
PROCESSOR_IDENTIFIER=Intel64 Family 6 Model 166 Stepping 0, GenuineIntel



---------------  S Y S T E M  ---------------

OS: Windows 10.0 , 64 bit Build 19041 (10.0.19041.1151)

CPU:total 8 (initial active 8) (4 cores per cpu, 2 threads per core) family 6 model 166 stepping 0, cmov, cx8, fxsr, mmx, sse, sse2, sse3, ssse3, sse4.1, sse4.2, popcnt, avx, avx2, aes, clmul, erms, 3dnowpref, lzcnt, ht, tsc, tscinvbit, bmi1, bmi2, adx

Memory: 4k page, physical 16604212k(961564k free), swap 29711408k(5224k free)

vm_info: Java HotSpot(TM) 64-Bit Server VM (25.241-b07) for windows-amd64 JRE (1.8.0_241-b07), built on Dec 11 2019 10:21:40 by "rejava" with MS VC++ 10.0 (VS2010)

time: Thu Sep 09 14:33:10 2021
timezone: 中国标准时间
elapsed time: 101 seconds (0d 0h 1m 41s)

