#
# There is insufficient memory for the Java Runtime Environment to continue.
# Native memory allocation (malloc) failed to allocate 1197776 bytes for Chunk::new
# Possible reasons:
#   The system is out of physical RAM or swap space
#   The process is running with CompressedOops enabled, and the Java Heap may be blocking the growth of the native heap
# Possible solutions:
#   Reduce memory load on the system
#   Increase physical memory or swap space
#   Check if swap backing store is full
#   Decrease Java heap size (-Xmx/-Xms)
#   Decrease number of Java threads
#   Decrease Java thread stack sizes (-Xss)
#   Set larger code cache with -XX:ReservedCodeCacheSize=
#   JVM is running with Unscaled Compressed Oops mode in which the Java heap is
#     placed in the first 4GB address space. The Java Heap base address is the
#     maximum limit for the native heap growth. Please use -XX:HeapBaseMinAddress
#     to set the Java Heap base and to place the Java Heap above 4GB virtual address.
# This output file may be truncated or incomplete.
#
#  Out of Memory Error (allocation.cpp:389), pid=47240, tid=0x000000000000cbc4
#
# JRE version: Java(TM) SE Runtime Environment (8.0_241-b07) (build 1.8.0_241-b07)
# Java VM: Java HotSpot(TM) 64-Bit Server VM (25.241-b07 mixed mode windows-amd64 compressed oops)
# Failed to write core dump. Minidumps are not enabled by default on client versions of Windows
#

---------------  T H R E A D  ---------------

Current thread (0x000000001a138000):  JavaThread "C2 CompilerThread1" daemon [_thread_in_native, id=52164, stack(0x000000001aa10000,0x000000001ab10000)]

Stack: [0x000000001aa10000,0x000000001ab10000]
[error occurred during error reporting (printing stack bounds), id 0xc0000005]

Native frames: (J=compiled Java code, j=interpreted, Vv=VM code, C=native code)


Current CompileTask:
C2:  26821 10328       4       org.objectweb.asm.commons.Remapper::mapType (123 bytes)


---------------  P R O C E S S  ---------------

Java Threads: ( => current thread )
  0x000000001d065000 JavaThread "pool-3-thread-1" [_thread_blocked, id=52676, stack(0x00000000277b0000,0x00000000278b0000)]
  0x000000001d065800 JavaThread "Memory manager" [_thread_blocked, id=4444, stack(0x00000000276b0000,0x00000000277b0000)]
  0x000000001d062800 JavaThread "Build operations Thread 8" [_thread_blocked, id=36952, stack(0x0000000026db0000,0x0000000026eb0000)]
  0x000000001d05f000 JavaThread "Build operations Thread 7" [_thread_in_Java, id=50712, stack(0x0000000026cb0000,0x0000000026db0000)]
  0x000000001d05c000 JavaThread "Build operations Thread 6" [_thread_in_native, id=50240, stack(0x0000000026bb0000,0x0000000026cb0000)]
  0x000000001d05b000 JavaThread "Build operations Thread 5" [_thread_blocked, id=48408, stack(0x0000000026ab0000,0x0000000026bb0000)]
  0x000000001d060800 JavaThread "Build operations Thread 4" [_thread_blocked, id=46144, stack(0x00000000269b0000,0x0000000026ab0000)]
  0x000000001d123000 JavaThread "Build operations Thread 3" [_thread_blocked, id=51484, stack(0x00000000268b0000,0x00000000269b0000)]
  0x000000001d124000 JavaThread "Build operations Thread 2" [_thread_in_Java, id=42624, stack(0x00000000267b0000,0x00000000268b0000)]
  0x000000001d122800 JavaThread "Build operations" [_thread_blocked, id=52488, stack(0x00000000266b0000,0x00000000267b0000)]
  0x000000001d121800 JavaThread "Cache worker for Build Output Cleanup Cache (D:\dev\studio\compose\.gradle\buildOutputCleanup)" [_thread_blocked, id=11568, stack(0x0000000025150000,0x0000000025250000)]
  0x000000001d121000 JavaThread "Cache worker for dependencies-accessors (D:\dev\studio\compose\.gradle\7.0.2\dependencies-accessors)" [_thread_blocked, id=19988, stack(0x0000000025050000,0x0000000025150000)]
  0x000000001d120000 JavaThread "Cache worker for file content cache (D:\cache\caches\7.0.2\fileContent)" [_thread_blocked, id=37528, stack(0x0000000023980000,0x0000000023a80000)]
  0x000000001d11e000 JavaThread "Cache worker for execution history cache (D:\cache\caches\7.0.2\executionHistory)" [_thread_blocked, id=43512, stack(0x0000000023280000,0x0000000023380000)]
  0x000000001d11d000 JavaThread "Cache worker for cache directory md-rule (D:\cache\caches\7.0.2\md-rule)" [_thread_blocked, id=51548, stack(0x0000000023180000,0x0000000023280000)]
  0x000000001d11f800 JavaThread "Cache worker for cache directory md-supplier (D:\cache\caches\7.0.2\md-supplier)" [_thread_blocked, id=52060, stack(0x0000000022e80000,0x0000000022f80000)]
  0x000000001d11c800 JavaThread "Cache worker for checksums cache (D:\dev\studio\compose\.gradle\checksums)" [_thread_blocked, id=51500, stack(0x0000000022d80000,0x0000000022e80000)]
  0x000000001d11b800 JavaThread "File lock release action executor" [_thread_blocked, id=52180, stack(0x0000000022c80000,0x0000000022d80000)]
  0x000000001d118000 JavaThread "jar transforms Thread 8" [_thread_blocked, id=13500, stack(0x0000000022b80000,0x0000000022c80000)]
  0x000000001d115000 JavaThread "jar transforms Thread 7" [_thread_blocked, id=31364, stack(0x0000000022a80000,0x0000000022b80000)]
  0x000000001d118800 JavaThread "jar transforms Thread 6" [_thread_blocked, id=51824, stack(0x0000000022980000,0x0000000022a80000)]
  0x000000001d11a000 JavaThread "jar transforms Thread 5" [_thread_blocked, id=8936, stack(0x0000000022880000,0x0000000022980000)]
  0x000000001d117000 JavaThread "jar transforms Thread 4" [_thread_blocked, id=46920, stack(0x0000000021020000,0x0000000021120000)]
  0x000000001d11b000 JavaThread "jar transforms Thread 3" [_thread_blocked, id=52220, stack(0x0000000020f20000,0x0000000021020000)]
  0x000000001d116800 JavaThread "jar transforms Thread 2" [_thread_blocked, id=27188, stack(0x0000000020e20000,0x0000000020f20000)]
  0x000000001d115800 JavaThread "jar transforms" [_thread_blocked, id=50180, stack(0x0000000020d20000,0x0000000020e20000)]
  0x000000001a137000 JavaThread "File watcher consumer" daemon [_thread_blocked, id=50972, stack(0x0000000022580000,0x0000000022680000)]
  0x000000001a135800 JavaThread "File watcher server" daemon [_thread_in_native, id=53212, stack(0x0000000022480000,0x0000000022580000)]
  0x000000001a134000 JavaThread "Cache worker for file hash cache (D:\dev\studio\compose\.gradle\7.0.2\fileHashes)" [_thread_blocked, id=49284, stack(0x0000000022380000,0x0000000022480000)]
  0x000000001a136800 JavaThread "Cache worker for journal cache (D:\cache\caches\journal-1)" [_thread_blocked, id=42148, stack(0x000000001fc50000,0x000000001fd50000)]
  0x000000001a135000 JavaThread "File lock request listener" [_thread_in_native, id=52576, stack(0x000000001e980000,0x000000001ea80000)]
  0x000000001a13a800 JavaThread "Cache worker for file hash cache (D:\cache\caches\7.0.2\fileHashes)" [_thread_in_native, id=49176, stack(0x000000001e880000,0x000000001e980000)]
  0x000000001cda5800 JavaThread "Daemon client event forwarder" [_thread_blocked, id=48716, stack(0x000000001e580000,0x000000001e680000)]
  0x000000001cdcc800 JavaThread "Stdin handler" [_thread_blocked, id=50796, stack(0x000000001e480000,0x000000001e580000)]
  0x000000001cda0800 JavaThread "Asynchronous log dispatcher for DefaultDaemonConnection: socket connection from /127.0.0.1:59163 to /127.0.0.1:59164" [_thread_blocked, id=47700, stack(0x000000001e280000,0x000000001e380000)]
  0x000000001cd4a800 JavaThread "Daemon worker" [_thread_blocked, id=15096, stack(0x000000001e180000,0x000000001e280000)]
  0x000000001cd48000 JavaThread "Cancel handler" [_thread_blocked, id=45640, stack(0x000000001e080000,0x000000001e180000)]
  0x000000001cc9d800 JavaThread "Handler for socket connection from /127.0.0.1:59163 to /127.0.0.1:59164" [_thread_in_native, id=50668, stack(0x000000001df80000,0x000000001e080000)]
  0x000000001ccb2000 JavaThread "Daemon" [_thread_blocked, id=44528, stack(0x000000001de80000,0x000000001df80000)]
  0x000000001cc52800 JavaThread "Daemon periodic checks" [_thread_blocked, id=19656, stack(0x000000001db80000,0x000000001dc80000)]
  0x000000001cc59000 JavaThread "Incoming local TCP Connector on port 59163" [_thread_in_native, id=49096, stack(0x000000001d9d0000,0x000000001dad0000)]
  0x000000001c9bd800 JavaThread "Daemon health stats" [_thread_blocked, id=51728, stack(0x000000001d8b0000,0x000000001d9b0000)]
  0x000000001a1c6000 JavaThread "Service Thread" daemon [_thread_blocked, id=9380, stack(0x000000001ad10000,0x000000001ae10000)]
  0x000000001a139800 JavaThread "C1 CompilerThread3" daemon [_thread_blocked, id=52112, stack(0x000000001ac10000,0x000000001ad10000)]
  0x000000001a138800 JavaThread "C2 CompilerThread2" daemon [_thread_blocked, id=49428, stack(0x000000001ab10000,0x000000001ac10000)]
=>0x000000001a138000 JavaThread "C2 CompilerThread1" daemon [_thread_in_native, id=52164, stack(0x000000001aa10000,0x000000001ab10000)]
  0x000000001a0db000 JavaThread "C2 CompilerThread0" daemon [_thread_in_native, id=50800, stack(0x000000001a910000,0x000000001aa10000)]
  0x000000001a0d5000 JavaThread "Attach Listener" daemon [_thread_blocked, id=52608, stack(0x000000001a810000,0x000000001a910000)]
  0x000000001a133000 JavaThread "Signal Dispatcher" daemon [_thread_blocked, id=46420, stack(0x000000001a710000,0x000000001a810000)]
  0x000000001a0c0800 JavaThread "Finalizer" daemon [_thread_blocked, id=51152, stack(0x000000001a5a0000,0x000000001a6a0000)]
  0x00000000182cd000 JavaThread "Reference Handler" daemon [_thread_blocked, id=41448, stack(0x000000001a4a0000,0x000000001a5a0000)]
  0x0000000003132800 JavaThread "main" [_thread_blocked, id=31624, stack(0x0000000003000000,0x0000000003100000)]

Other Threads:
  0x00000000182c9000 VMThread [stack: 0x0000000019fa0000,0x000000001a0a0000] [id=52360]
  0x000000001a157800 WatcherThread [stack: 0x000000001ae10000,0x000000001af10000] [id=51116]

VM state:not at safepoint (normal execution)

VM Mutex/Monitor currently owned by a thread:  ([mutex/lock_event])
[0x0000000003131cd0] Compile_lock - owner thread: 0x0000000000000000

heap address: 0x0000000080000000, size: 2048 MB, Compressed Oops mode: 32-bit
Narrow klass base: 0x0000000000000000, Narrow klass shift: 3
Compressed class space size: 1073741824 Address: 0x0000000100000000

Heap:
 PSYoungGen      total 204800K, used 168579K [0x00000000d5580000, 0x00000000e5f80000, 0x0000000100000000)
  eden space 177152K, 79% used [0x00000000d5580000,0x00000000ddf257a8,0x00000000e0280000)
  from space 27648K, 99% used [0x00000000e0280000,0x00000000e1d7b748,0x00000000e1d80000)
  to   space 33792K, 0% used [0x00000000e3e80000,0x00000000e3e80000,0x00000000e5f80000)
 ParOldGen       total 254976K, used 46849K [0x0000000080000000, 0x000000008f900000, 0x00000000d5580000)
  object space 254976K, 18% used [0x0000000080000000,0x0000000082dc0770,0x000000008f900000)
 Metaspace       used 86104K, capacity 90926K, committed 91264K, reserved 1128448K
  class space    used 11712K, capacity 12574K, committed 12672K, reserved 1048576K

Card table byte_map: [0x00000000125f0000,0x0000000012a00000] byte_map_base: 0x00000000121f0000

Marking Bits: (ParMarkBitMap*) 0x0000000053a9be30
 Begin Bits: [0x00000000134b0000, 0x00000000154b0000)
 End Bits:   [0x00000000154b0000, 0x00000000174b0000)

Polling page: 0x0000000002ca0000

CodeCache: size=245760Kb used=29354Kb max_used=29365Kb free=216405Kb
 bounds [0x0000000003230000, 0x0000000004f00000, 0x0000000012230000]
 total_blobs=9837 nmethods=8957 adapters=791
 compilation: enabled

Compilation events (10 events):
Event: 26.807 Thread 0x000000001a139800 nmethod 10520 0x0000000004eefd90 code [0x0000000004eefee0, 0x0000000004eeffd0]
Event: 26.808 Thread 0x000000001a139800 10521       3       org.gradle.api.internal.artifacts.transform.DefaultTransformerInvocationFactory$TransformerExecution::getDisplayName (35 bytes)
Event: 26.809 Thread 0x000000001a139800 nmethod 10521 0x0000000004ef3f90 code [0x0000000004ef41a0, 0x0000000004ef4ca8]
Event: 26.811 Thread 0x000000001a139800 10523       3       org.apache.http.util.CharArrayBuffer::append (158 bytes)
Event: 26.812 Thread 0x000000001a139800 nmethod 10523 0x0000000004ef2150 code [0x0000000004ef23e0, 0x0000000004ef3648]
Event: 26.812 Thread 0x000000001a139800 10524       3       org.apache.http.protocol.HttpCoreContext::getAttribute (11 bytes)
Event: 26.812 Thread 0x000000001a139800 nmethod 10524 0x0000000004eef910 code [0x0000000004eefa80, 0x0000000004eefca8]
Event: 26.815 Thread 0x000000001a0db000 nmethod 10519% 0x0000000004efab90 code [0x0000000004efad20, 0x0000000004efb438]
Event: 26.815 Thread 0x000000001a0db000 10522       4       java.io.FileInputStream::read (8 bytes)
Event: 26.816 Thread 0x000000001a0db000 nmethod 10522 0x0000000004d48a50 code [0x0000000004d48ba0, 0x0000000004d48c28]

GC Heap History (10 events):
Event: 9.122 GC heap before
{Heap before GC invocations=12 (full 2):
 PSYoungGen      total 164352K, used 161757K [0x00000000d5580000, 0x00000000e1600000, 0x0000000100000000)
  eden space 146432K, 100% used [0x00000000d5580000,0x00000000de480000,0x00000000de480000)
  from space 17920K, 85% used [0x00000000de480000,0x00000000df3777b0,0x00000000df600000)
  to   space 18944K, 0% used [0x00000000e0380000,0x00000000e0380000,0x00000000e1600000)
 ParOldGen       total 174080K, used 23202K [0x0000000080000000, 0x000000008aa00000, 0x00000000d5580000)
  object space 174080K, 13% used [0x0000000080000000,0x00000000816a8b80,0x000000008aa00000)
 Metaspace       used 56309K, capacity 59118K, committed 59160K, reserved 1099776K
  class space    used 7761K, capacity 8316K, committed 8320K, reserved 1048576K
Event: 9.144 GC heap after
Heap after GC invocations=12 (full 2):
 PSYoungGen      total 172544K, used 18915K [0x00000000d5580000, 0x00000000e3300000, 0x0000000100000000)
  eden space 153600K, 0% used [0x00000000d5580000,0x00000000d5580000,0x00000000deb80000)
  from space 18944K, 99% used [0x00000000e0380000,0x00000000e15f8f70,0x00000000e1600000)
  to   space 24576K, 0% used [0x00000000deb80000,0x00000000deb80000,0x00000000e0380000)
 ParOldGen       total 174080K, used 31966K [0x0000000080000000, 0x000000008aa00000, 0x00000000d5580000)
  object space 174080K, 18% used [0x0000000080000000,0x0000000081f37988,0x000000008aa00000)
 Metaspace       used 56309K, capacity 59118K, committed 59160K, reserved 1099776K
  class space    used 7761K, capacity 8316K, committed 8320K, reserved 1048576K
}
Event: 9.144 GC heap before
{Heap before GC invocations=13 (full 3):
 PSYoungGen      total 172544K, used 18915K [0x00000000d5580000, 0x00000000e3300000, 0x0000000100000000)
  eden space 153600K, 0% used [0x00000000d5580000,0x00000000d5580000,0x00000000deb80000)
  from space 18944K, 99% used [0x00000000e0380000,0x00000000e15f8f70,0x00000000e1600000)
  to   space 24576K, 0% used [0x00000000deb80000,0x00000000deb80000,0x00000000e0380000)
 ParOldGen       total 174080K, used 31966K [0x0000000080000000, 0x000000008aa00000, 0x00000000d5580000)
  object space 174080K, 18% used [0x0000000080000000,0x0000000081f37988,0x000000008aa00000)
 Metaspace       used 56309K, capacity 59118K, committed 59160K, reserved 1099776K
  class space    used 7761K, capacity 8316K, committed 8320K, reserved 1048576K
Event: 9.336 GC heap after
Heap after GC invocations=13 (full 3):
 PSYoungGen      total 172544K, used 0K [0x00000000d5580000, 0x00000000e3300000, 0x0000000100000000)
  eden space 153600K, 0% used [0x00000000d5580000,0x00000000d5580000,0x00000000deb80000)
  from space 18944K, 0% used [0x00000000e0380000,0x00000000e0380000,0x00000000e1600000)
  to   space 24576K, 0% used [0x00000000deb80000,0x00000000deb80000,0x00000000e0380000)
 ParOldGen       total 254976K, used 39586K [0x0000000080000000, 0x000000008f900000, 0x00000000d5580000)
  object space 254976K, 15% used [0x0000000080000000,0x00000000826a8ab0,0x000000008f900000)
 Metaspace       used 56262K, capacity 58956K, committed 59160K, reserved 1099776K
  class space    used 7746K, capacity 8289K, committed 8320K, reserved 1048576K
}
Event: 11.553 GC heap before
{Heap before GC invocations=14 (full 3):
 PSYoungGen      total 172544K, used 153600K [0x00000000d5580000, 0x00000000e3300000, 0x0000000100000000)
  eden space 153600K, 100% used [0x00000000d5580000,0x00000000deb80000,0x00000000deb80000)
  from space 18944K, 0% used [0x00000000e0380000,0x00000000e0380000,0x00000000e1600000)
  to   space 24576K, 0% used [0x00000000deb80000,0x00000000deb80000,0x00000000e0380000)
 ParOldGen       total 254976K, used 39586K [0x0000000080000000, 0x000000008f900000, 0x00000000d5580000)
  object space 254976K, 15% used [0x0000000080000000,0x00000000826a8ab0,0x000000008f900000)
 Metaspace       used 64450K, capacity 67364K, committed 67712K, reserved 1107968K
  class space    used 8996K, capacity 9558K, committed 9600K, reserved 1048576K
Event: 11.572 GC heap after
Heap after GC invocations=14 (full 3):
 PSYoungGen      total 178176K, used 16704K [0x00000000d5580000, 0x00000000e3600000, 0x0000000100000000)
  eden space 153600K, 0% used [0x00000000d5580000,0x00000000d5580000,0x00000000deb80000)
  from space 24576K, 67% used [0x00000000deb80000,0x00000000dfbd0028,0x00000000e0380000)
  to   space 25088K, 0% used [0x00000000e1d80000,0x00000000e1d80000,0x00000000e3600000)
 ParOldGen       total 254976K, used 39594K [0x0000000080000000, 0x000000008f900000, 0x00000000d5580000)
  object space 254976K, 15% used [0x0000000080000000,0x00000000826aaab0,0x000000008f900000)
 Metaspace       used 64450K, capacity 67364K, committed 67712K, reserved 1107968K
  class space    used 8996K, capacity 9558K, committed 9600K, reserved 1048576K
}
Event: 14.573 GC heap before
{Heap before GC invocations=15 (full 3):
 PSYoungGen      total 178176K, used 170304K [0x00000000d5580000, 0x00000000e3600000, 0x0000000100000000)
  eden space 153600K, 100% used [0x00000000d5580000,0x00000000deb80000,0x00000000deb80000)
  from space 24576K, 67% used [0x00000000deb80000,0x00000000dfbd0028,0x00000000e0380000)
  to   space 25088K, 0% used [0x00000000e1d80000,0x00000000e1d80000,0x00000000e3600000)
 ParOldGen       total 254976K, used 39594K [0x0000000080000000, 0x000000008f900000, 0x00000000d5580000)
  object space 254976K, 15% used [0x0000000080000000,0x00000000826aaab0,0x000000008f900000)
 Metaspace       used 73280K, capacity 76796K, committed 77056K, reserved 1116160K
  class space    used 10041K, capacity 10704K, committed 10752K, reserved 1048576K
Event: 14.609 GC heap after
Heap after GC invocations=15 (full 3):
 PSYoungGen      total 202240K, used 23303K [0x00000000d5580000, 0x00000000e3b00000, 0x0000000100000000)
  eden space 177152K, 0% used [0x00000000d5580000,0x00000000d5580000,0x00000000e0280000)
  from space 25088K, 92% used [0x00000000e1d80000,0x00000000e3441e18,0x00000000e3600000)
  to   space 27648K, 0% used [0x00000000e0280000,0x00000000e0280000,0x00000000e1d80000)
 ParOldGen       total 254976K, used 39602K [0x0000000080000000, 0x000000008f900000, 0x00000000d5580000)
  object space 254976K, 15% used [0x0000000080000000,0x00000000826acab0,0x000000008f900000)
 Metaspace       used 73280K, capacity 76796K, committed 77056K, reserved 1116160K
  class space    used 10041K, capacity 10704K, committed 10752K, reserved 1048576K
}
Event: 18.711 GC heap before
{Heap before GC invocations=16 (full 3):
 PSYoungGen      total 202240K, used 200455K [0x00000000d5580000, 0x00000000e3b00000, 0x0000000100000000)
  eden space 177152K, 100% used [0x00000000d5580000,0x00000000e0280000,0x00000000e0280000)
  from space 25088K, 92% used [0x00000000e1d80000,0x00000000e3441e18,0x00000000e3600000)
  to   space 27648K, 0% used [0x00000000e0280000,0x00000000e0280000,0x00000000e1d80000)
 ParOldGen       total 254976K, used 39602K [0x0000000080000000, 0x000000008f900000, 0x00000000d5580000)
  object space 254976K, 15% used [0x0000000080000000,0x00000000826acab0,0x000000008f900000)
 Metaspace       used 81307K, capacity 85708K, committed 86016K, reserved 1124352K
  class space    used 11114K, capacity 11907K, committed 12032K, reserved 1048576K
Event: 18.743 GC heap after
Heap after GC invocations=16 (full 3):
 PSYoungGen      total 204800K, used 27629K [0x00000000d5580000, 0x00000000e5f80000, 0x0000000100000000)
  eden space 177152K, 0% used [0x00000000d5580000,0x00000000d5580000,0x00000000e0280000)
  from space 27648K, 99% used [0x00000000e0280000,0x00000000e1d7b748,0x00000000e1d80000)
  to   space 33792K, 0% used [0x00000000e3e80000,0x00000000e3e80000,0x00000000e5f80000)
 ParOldGen       total 254976K, used 46849K [0x0000000080000000, 0x000000008f900000, 0x00000000d5580000)
  object space 254976K, 18% used [0x0000000080000000,0x0000000082dc0770,0x000000008f900000)
 Metaspace       used 81307K, capacity 85708K, committed 86016K, reserved 1124352K
  class space    used 11114K, capacity 11907K, committed 12032K, reserved 1048576K
}

Deoptimization events (10 events):
Event: 26.337 Thread 0x000000001d05f000 Uncommon trap: reason=class_check action=maybe_recompile pc=0x00000000037d75b0 method=java.util.zip.InflaterInputStream.read([BII)I @ 100
Event: 26.337 Thread 0x000000001d122800 Uncommon trap: reason=class_check action=maybe_recompile pc=0x00000000037d75b0 method=java.util.zip.InflaterInputStream.read([BII)I @ 100
Event: 26.337 Thread 0x000000001cd4a800 Uncommon trap: reason=class_check action=maybe_recompile pc=0x00000000037d75b0 method=java.util.zip.InflaterInputStream.read([BII)I @ 100
Event: 26.364 Thread 0x000000001d123000 Uncommon trap: reason=unstable_if action=reinterpret pc=0x0000000003736e38 method=com.google.common.util.concurrent.AbstractFuture.releaseWaiters()V @ 22
Event: 26.400 Thread 0x000000001d122800 Uncommon trap: reason=unstable_if action=reinterpret pc=0x0000000004079870 method=org.objectweb.asm.ClassReader.readUtf(II[C)Ljava/lang/String; @ 69
Event: 26.400 Thread 0x000000001d122800 Uncommon trap: reason=unstable_if action=reinterpret pc=0x0000000003878d6c method=org.objectweb.asm.ByteVector.putUTF8(Ljava/lang/String;)Lorg/objectweb/asm/ByteVector; @ 100
Event: 26.632 Thread 0x000000001a13a800 Uncommon trap: reason=class_check action=maybe_recompile pc=0x0000000003856888 method=org.gradle.cache.internal.btree.FileBackedBlockStore$BlockImpl.getSize()I @ 12
Event: 26.650 Thread 0x000000001d124000 Uncommon trap: reason=unstable_if action=reinterpret pc=0x0000000003484f00 method=java.lang.AbstractStringBuilder.append(Ljava/lang/String;)Ljava/lang/AbstractStringBuilder; @ 1
Event: 26.740 Thread 0x000000001d05c000 Uncommon trap: reason=unstable_if action=reinterpret pc=0x0000000003b22f18 method=java.util.concurrent.ConcurrentLinkedQueue.poll()Ljava/lang/Object; @ 25
Event: 26.786 Thread 0x000000001d121800 Uncommon trap: reason=class_check action=maybe_recompile pc=0x0000000003856888 method=org.gradle.cache.internal.btree.FileBackedBlockStore$BlockImpl.getSize()I @ 12

Classes redefined (0 events):
No events

Internal exceptions (10 events):
Event: 20.480 Thread 0x000000001d05b000 Implicit null exception at 0x0000000004d62158 to 0x0000000004d6228d
Event: 20.480 Thread 0x000000001d05c000 Implicit null exception at 0x0000000004d62158 to 0x0000000004d6228d
Event: 20.747 Thread 0x000000001d05b000 Implicit null exception at 0x00000000033ae317 to 0x00000000033ae4a9
Event: 26.376 Thread 0x000000001cd4a800 Exception <a 'sun/nio/fs/WindowsException'> (0x00000000d95a96c8) thrown at [C:\ade\jenkins\workspace\8-2-build-windows-amd64-cygwin\jdk8u241\331\hotspot\src\share\vm\prims\jni.cpp, line 710]
Event: 26.395 Thread 0x000000001d060800 Exception <a 'sun/nio/fs/WindowsException'> (0x00000000db50f6c8) thrown at [C:\ade\jenkins\workspace\8-2-build-windows-amd64-cygwin\jdk8u241\331\hotspot\src\share\vm\prims\jni.cpp, line 710]
Event: 26.409 Thread 0x000000001d062800 Exception <a 'sun/nio/fs/WindowsException'> (0x00000000db93d550) thrown at [C:\ade\jenkins\workspace\8-2-build-windows-amd64-cygwin\jdk8u241\331\hotspot\src\share\vm\prims\jni.cpp, line 710]
Event: 26.438 Thread 0x000000001d122800 Exception <a 'sun/nio/fs/WindowsException'> (0x00000000dc2ba438) thrown at [C:\ade\jenkins\workspace\8-2-build-windows-amd64-cygwin\jdk8u241\331\hotspot\src\share\vm\prims\jni.cpp, line 710]
Event: 26.494 Thread 0x000000001d05f000 Exception <a 'sun/nio/fs/WindowsException'> (0x00000000dc9e6a20) thrown at [C:\ade\jenkins\workspace\8-2-build-windows-amd64-cygwin\jdk8u241\331\hotspot\src\share\vm\prims\jni.cpp, line 710]
Event: 26.650 Thread 0x000000001d124000 Implicit null exception at 0x0000000003484b56 to 0x0000000003484ee9
Event: 26.655 Thread 0x000000001d124000 Exception <a 'java/net/SocketTimeoutException': Read timed out> (0x00000000d5f7a148) thrown at [C:\ade\jenkins\workspace\8-2-build-windows-amd64-cygwin\jdk8u241\331\hotspot\src\share\vm\prims\jni.cpp, line 736]

Events (10 events):
Event: 26.655 loading class sun/net/ConnectionResetException
Event: 26.655 loading class sun/net/ConnectionResetException done
Event: 26.655 loading class javax/net/ssl/SSLProtocolException
Event: 26.655 loading class javax/net/ssl/SSLProtocolException done
Event: 26.740 Thread 0x000000001d05c000 Uncommon trap: trap_request=0xffffff65 fr.pc=0x0000000003b22f18
Event: 26.740 Thread 0x000000001d05c000 DEOPT PACKING pc=0x0000000003b22f18 sp=0x0000000026caaab0
Event: 26.740 Thread 0x000000001d05c000 DEOPT UNPACKING pc=0x000000000327583b sp=0x0000000026caa9e8 mode 2
Event: 26.786 Thread 0x000000001d121800 Uncommon trap: trap_request=0xffffffde fr.pc=0x0000000003856888
Event: 26.786 Thread 0x000000001d121800 DEOPT PACKING pc=0x0000000003856888 sp=0x000000002524e4e0
Event: 26.786 Thread 0x000000001d121800 DEOPT UNPACKING pc=0x000000000327583b sp=0x000000002524e440 mode 2


Dynamic libraries:
0x00007ff613a40000 - 0x00007ff613a77000 	C:\Program Files\Java\jdk1.8.0_241\bin\java.exe
0x00007ffca9190000 - 0x00007ffca9385000 	C:\WINDOWS\SYSTEM32\ntdll.dll
0x00007ffca7500000 - 0x00007ffca75bd000 	C:\WINDOWS\System32\KERNEL32.DLL
0x00007ffca6a60000 - 0x00007ffca6d29000 	C:\WINDOWS\System32\KERNELBASE.dll
0x00007ffca8ac0000 - 0x00007ffca8b6c000 	C:\WINDOWS\System32\ADVAPI32.dll
0x00007ffca77f0000 - 0x00007ffca788e000 	C:\WINDOWS\System32\msvcrt.dll
0x00007ffca8f60000 - 0x00007ffca8ffb000 	C:\WINDOWS\System32\sechost.dll
0x00007ffca8cd0000 - 0x00007ffca8dfa000 	C:\WINDOWS\System32\RPCRT4.dll
0x00007ffca7620000 - 0x00007ffca77c0000 	C:\WINDOWS\System32\USER32.dll
0x00007ffca68c0000 - 0x00007ffca68e2000 	C:\WINDOWS\System32\win32u.dll
0x00007ffca8b70000 - 0x00007ffca8b9a000 	C:\WINDOWS\System32\GDI32.dll
0x00007ffca68f0000 - 0x00007ffca69fb000 	C:\WINDOWS\System32\gdi32full.dll
0x00007ffca6d30000 - 0x00007ffca6dcd000 	C:\WINDOWS\System32\msvcp_win.dll
0x00007ffca6e00000 - 0x00007ffca6f00000 	C:\WINDOWS\System32\ucrtbase.dll
0x00007ffc8faa0000 - 0x00007ffc8fd3a000 	C:\WINDOWS\WinSxS\amd64_microsoft.windows.common-controls_6595b64144ccf1df_6.0.19041.1110_none_60b5254171f9507e\COMCTL32.dll
0x00007ffca77c0000 - 0x00007ffca77f0000 	C:\WINDOWS\System32\IMM32.DLL
0x0000000053b20000 - 0x0000000053bf2000 	C:\Program Files\Java\jdk1.8.0_241\jre\bin\msvcr100.dll
0x0000000053270000 - 0x0000000053b1c000 	C:\Program Files\Java\jdk1.8.0_241\jre\bin\server\jvm.dll
0x00007ffca86a0000 - 0x00007ffca86a8000 	C:\WINDOWS\System32\PSAPI.DLL
0x00007ffc9d720000 - 0x00007ffc9d729000 	C:\WINDOWS\SYSTEM32\WSOCK32.dll
0x00007ffc8ff00000 - 0x00007ffc8ff27000 	C:\WINDOWS\SYSTEM32\WINMM.dll
0x00007ffc92950000 - 0x00007ffc9295a000 	C:\WINDOWS\SYSTEM32\VERSION.dll
0x00007ffca8ee0000 - 0x00007ffca8f4b000 	C:\WINDOWS\System32\WS2_32.dll
0x00007ffc98c60000 - 0x00007ffc98c6f000 	C:\Program Files\Java\jdk1.8.0_241\jre\bin\verify.dll
0x00007ffc90170000 - 0x00007ffc90199000 	C:\Program Files\Java\jdk1.8.0_241\jre\bin\java.dll
0x00007ffc984e0000 - 0x00007ffc984f6000 	C:\Program Files\Java\jdk1.8.0_241\jre\bin\zip.dll
0x00007ffca7d10000 - 0x00007ffca844f000 	C:\WINDOWS\System32\SHELL32.dll
0x00007ffca4610000 - 0x00007ffca4da0000 	C:\WINDOWS\SYSTEM32\windows.storage.dll
0x00007ffca8760000 - 0x00007ffca8ab5000 	C:\WINDOWS\System32\combase.dll
0x00007ffca6320000 - 0x00007ffca634c000 	C:\WINDOWS\SYSTEM32\Wldp.dll
0x00007ffca8ba0000 - 0x00007ffca8c4e000 	C:\WINDOWS\System32\SHCORE.dll
0x00007ffca9000000 - 0x00007ffca9055000 	C:\WINDOWS\System32\shlwapi.dll
0x00007ffca6800000 - 0x00007ffca681f000 	C:\WINDOWS\SYSTEM32\profapi.dll
0x00007ffc97a40000 - 0x00007ffc97a5a000 	C:\Program Files\Java\jdk1.8.0_241\jre\bin\net.dll
0x00007ffca6080000 - 0x00007ffca60ea000 	C:\WINDOWS\system32\mswsock.dll
0x00007ffc90960000 - 0x00007ffc90972000 	C:\Program Files\Java\jdk1.8.0_241\jre\bin\nio.dll
0x00007ffc909a0000 - 0x00007ffc909c7000 	D:\cache\native\8bec1ad78214c89d9ad589b4d07fe93259594b29d510b10fafb7a158f7737e5d\windows-amd64\native-platform.dll
0x00007ffc6ea80000 - 0x00007ffc6ebbd000 	D:\cache\native\53dbd7edfb1c66fb8903c78663c9afc45aea4f116125fa6feffd364cf09443e8\windows-amd64\native-platform-file-events.dll
0x00007ffc9ba50000 - 0x00007ffc9ba5d000 	C:\Program Files\Java\jdk1.8.0_241\jre\bin\management.dll
0x00007ffca6270000 - 0x00007ffca6288000 	C:\WINDOWS\SYSTEM32\CRYPTSP.dll
0x00007ffca5990000 - 0x00007ffca59c4000 	C:\WINDOWS\system32\rsaenh.dll
0x00007ffca6dd0000 - 0x00007ffca6df7000 	C:\WINDOWS\System32\bcrypt.dll
0x00007ffca6780000 - 0x00007ffca67ae000 	C:\WINDOWS\SYSTEM32\USERENV.dll
0x00007ffca7110000 - 0x00007ffca7193000 	C:\WINDOWS\System32\bcryptprimitives.dll
0x00007ffca6290000 - 0x00007ffca629c000 	C:\WINDOWS\SYSTEM32\CRYPTBASE.dll
0x00007ffca5d20000 - 0x00007ffca5d5b000 	C:\WINDOWS\SYSTEM32\IPHLPAPI.DLL
0x00007ffca8f50000 - 0x00007ffca8f58000 	C:\WINDOWS\System32\NSI.dll
0x00007ffc999c0000 - 0x00007ffc999d7000 	C:\WINDOWS\SYSTEM32\dhcpcsvc6.DLL
0x00007ffc9a080000 - 0x00007ffc9a09d000 	C:\WINDOWS\SYSTEM32\dhcpcsvc.DLL
0x00007ffca5d60000 - 0x00007ffca5e2c000 	C:\WINDOWS\SYSTEM32\DNSAPI.dll
0x00007ffc90080000 - 0x00007ffc900a4000 	C:\Program Files\Java\jdk1.8.0_241\jre\bin\sunec.dll
0x00007ffc9baf0000 - 0x00007ffc9bafb000 	C:\Program Files\Java\jdk1.8.0_241\jre\bin\sunmscapi.dll
0x00007ffca6f00000 - 0x00007ffca705f000 	C:\WINDOWS\System32\CRYPT32.dll
0x00007ffc99220000 - 0x00007ffc9922a000 	C:\Windows\System32\rasadhlp.dll
0x00007ffc98620000 - 0x00007ffc9869f000 	C:\WINDOWS\System32\fwpuclnt.dll
0x00007ffca56e0000 - 0x00007ffca5713000 	C:\WINDOWS\SYSTEM32\ntmarta.dll

VM Arguments:
jvm_args: -Xmx2048m -Dfile.encoding=UTF-8 -Duser.country=CN -Duser.language=zh -Duser.variant 
java_command: org.gradle.launcher.daemon.bootstrap.GradleDaemon 7.0.2
java_class_path (initial): D:\cache\wrapper\dists\gradle-7.0.2-bin\857tjihv64xamwrf0h14cai3r\gradle-7.0.2\lib\gradle-launcher-7.0.2.jar
Launcher Type: SUN_STANDARD

Environment Variables:
JAVA_HOME=C:\Program Files\Java\jdk1.8.0_241\
PATH=D:\Program Files\AdoptOpenJDK\jdk-11.0.11.9-hotspot\bin;D:\soft\python\Scripts\;D:\soft\python\;C:\Program Files (x86)\Common Files\Oracle\Java\javapath;C:\Windows\system32;C:\Windows;C:\Windows\System32\Wbem;C:\Windows\System32\WindowsPowerShell\v1.0\;C:\Windows\System32\OpenSSH\;C:\Program Files (x86)\NVIDIA Corporation\PhysX\Common;C:\Program Files\NVIDIA Corporation\NVIDIA NvDLISR;C:\Program Files\Git\cmd;C:\Program Files\Git\mingw64\bin;C:\Program Files\Git\usr\bin;C:\Go\bin;C:\WINDOWS\system32;C:\WINDOWS;C:\WINDOWS\System32\Wbem;C:\WINDOWS\System32\WindowsPowerShell\v1.0\;C:\WINDOWS\System32\OpenSSH\;D:\Program Files\nodejs\;C:\ProgramData\chocolatey\bin;D:\dev\code\RTemplate;D:\soft\python\Scripts\;D:\soft\python\;C:\Users\lijun\scoop\shims;C:\Users\lijun\AppData\Local\Microsoft\WindowsApps;C:\Program Files\Java\jdk1.8.0_241\bin;C:\Users\lijun\AppData\Local\Programs\Microsoft VS Code\bin;D:\soft\android\tools\bin;D:\soft\android\build-tools\29.0.3;D:\soft\android\platform-tools;C:\Users\lijun\go\bin;D:\dev\work\bin;D:\dev\soft\mingw32\bin;d:\dev\code\TemplateProject\;C:\Program Files\Bandizip\;D:\dev\flutter_windows_1.22.6-stable\flutter\bin;d:\soft\android\platform-tools\systrace;;C:\Users\lijun\AppData\Local\Microsoft\WindowsApps;C:\Users\lijun\AppData\Roaming\npm
USERNAME=lijun
OS=Windows_NT
PROCESSOR_IDENTIFIER=Intel64 Family 6 Model 166 Stepping 0, GenuineIntel



---------------  S Y S T E M  ---------------

OS: Windows 10.0 , 64 bit Build 19041 (10.0.19041.1151)

CPU:total 8 (initial active 8) (4 cores per cpu, 2 threads per core) family 6 model 166 stepping 0, cmov, cx8, fxsr, mmx, sse, sse2, sse3, ssse3, sse4.1, sse4.2, popcnt, avx, avx2, aes, clmul, erms, 3dnowpref, lzcnt, ht, tsc, tscinvbit, bmi1, bmi2, adx

Memory: 4k page, physical 16604212k(996572k free), swap 29711408k(3220k free)

vm_info: Java HotSpot(TM) 64-Bit Server VM (25.241-b07) for windows-amd64 JRE (1.8.0_241-b07), built on Dec 11 2019 10:21:40 by "rejava" with MS VC++ 10.0 (VS2010)

time: Thu Sep 09 14:34:17 2021
timezone: 中国标准时间
elapsed time: 26 seconds (0d 0h 0m 26s)

